__main__-2022-07-15 11:04:39,851-DEBUG-デバッグログ
__main__-2022-07-15 11:04:39,852-INFO-インフォログ
__main__-2022-07-15 11:04:39,852-WARNING-ワーニングログ
__main__-2022-07-15 11:04:39,852-ERROR-エラーログ
__main__-2022-07-15 11:04:39,852-CRITICAL-クリティカルログ
__main__-2022-07-15 11:04:40,855-DEBUG-デバッグログ
__main__-2022-07-15 11:04:40,856-INFO-インフォログ
__main__-2022-07-15 11:04:40,856-WARNING-ワーニングログ
__main__-2022-07-15 11:04:40,856-ERROR-エラーログ
__main__-2022-07-15 11:04:40,856-CRITICAL-クリティカルログ
__main__-2022-07-15 11:04:41,861-DEBUG-デバッグログ
__main__-2022-07-15 11:04:41,863-INFO-インフォログ
__main__-2022-07-15 11:04:41,863-WARNING-ワーニングログ
__main__-2022-07-15 11:04:41,863-ERROR-エラーログ
__main__-2022-07-15 11:04:41,863-CRITICAL-クリティカルログ
__main__-2022-07-15 11:04:42,865-DEBUG-デバッグログ
__main__-2022-07-15 11:04:42,865-INFO-インフォログ
__main__-2022-07-15 11:04:42,865-WARNING-ワーニングログ
__main__-2022-07-15 11:04:42,866-ERROR-エラーログ
__main__-2022-07-15 11:04:42,866-CRITICAL-クリティカルログ
__main__-2022-07-15 11:04:43,866-DEBUG-デバッグログ
__main__-2022-07-15 11:04:43,867-INFO-インフォログ
__main__-2022-07-15 11:04:43,867-WARNING-ワーニングログ
__main__-2022-07-15 11:04:43,867-ERROR-エラーログ
__main__-2022-07-15 11:04:43,867-CRITICAL-クリティカルログ
__main__-2022-07-15 11:04:44,869-DEBUG-デバッグログ
__main__-2022-07-15 11:04:44,870-INFO-インフォログ
__main__-2022-07-15 11:04:44,871-WARNING-ワーニングログ
__main__-2022-07-15 11:04:44,872-ERROR-エラーログ
__main__-2022-07-15 11:04:44,872-CRITICAL-クリティカルログ
__main__-2022-07-15 11:04:45,875-DEBUG-デバッグログ
__main__-2022-07-15 11:04:45,875-INFO-インフォログ
__main__-2022-07-15 11:04:45,875-WARNING-ワーニングログ
__main__-2022-07-15 11:04:45,876-ERROR-エラーログ
__main__-2022-07-15 11:04:45,876-CRITICAL-クリティカルログ
__main__-2022-07-15 11:04:46,880-DEBUG-デバッグログ
__main__-2022-07-15 11:04:46,881-INFO-インフォログ
__main__-2022-07-15 11:04:46,881-WARNING-ワーニングログ
__main__-2022-07-15 11:04:46,881-ERROR-エラーログ
__main__-2022-07-15 11:04:46,881-CRITICAL-クリティカルログ
